<?xml version="1.0" encoding="UTF-8"?>
<!-- Generated by org.testng.reporters.JUnitReportReporter -->
<testsuite skipped="0" hostname="IRONMAN" name="com.mindtree.runner.BigSmallTestRunner" tests="13" failures="0" timestamp="2021-11-19T17:06:44 IST" time="223.086" errors="0">
  <testcase name="runScenario" time="18.498" classname="com.mindtree.runner.BigSmallTestRunner"/>
  <testcase name="runScenario" time="4.204" classname="com.mindtree.runner.BigSmallTestRunner"/>
  <testcase name="runScenario" time="7.021" classname="com.mindtree.runner.BigSmallTestRunner"/>
  <testcase name="runScenario" time="4.090" classname="com.mindtree.runner.BigSmallTestRunner"/>
  <testcase name="runScenario" time="7.390" classname="com.mindtree.runner.BigSmallTestRunner"/>
  <testcase name="runScenario" time="61.685" classname="com.mindtree.runner.BigSmallTestRunner"/>
  <testcase name="runScenario" time="11.115" classname="com.mindtree.runner.BigSmallTestRunner"/>
  <testcase name="runScenario" time="2.803" classname="com.mindtree.runner.BigSmallTestRunner"/>
  <testcase name="runScenario" time="10.558" classname="com.mindtree.runner.BigSmallTestRunner"/>
  <testcase name="runScenario" time="29.324" classname="com.mindtree.runner.BigSmallTestRunner"/>
  <testcase name="runScenario" time="13.396" classname="com.mindtree.runner.BigSmallTestRunner"/>
  <testcase name="runScenario" time="46.837" classname="com.mindtree.runner.BigSmallTestRunner"/>
  <testcase name="runScenario" time="6.165" classname="com.mindtree.runner.BigSmallTestRunner"/>
</testsuite> <!-- com.mindtree.runner.BigSmallTestRunner -->
